mode: set
github.com/care-giver-app/care-giver-golang-common/pkg/dynamo/dynamo.go:24.90,25.21 1 1
github.com/care-giver-app/care-giver-golang-common/pkg/dynamo/dynamo.go:25.21,28.3 2 1
github.com/care-giver-app/care-giver-golang-common/pkg/dynamo/dynamo.go:29.2,30.42 2 1
github.com/care-giver-app/care-giver-golang-common/pkg/dynamo/dynamo.go:33.57,34.63 1 1
github.com/care-giver-app/care-giver-golang-common/pkg/dynamo/dynamo.go:34.63,36.3 1 1
github.com/care-giver-app/care-giver-golang-common/pkg/dynamo/mock.go:20.144,22.2 1 1
github.com/care-giver-app/care-giver-golang-common/pkg/dynamo/mock.go:24.144,26.2 1 1
github.com/care-giver-app/care-giver-golang-common/pkg/dynamo/mock.go:28.153,30.2 1 1
github.com/care-giver-app/care-giver-golang-common/pkg/dynamo/mock.go:32.138,33.29 1 1
github.com/care-giver-app/care-giver-golang-common/pkg/dynamo/mock.go:33.29,37.3 3 1
github.com/care-giver-app/care-giver-golang-common/pkg/dynamo/mock.go:39.2,39.29 1 1
github.com/care-giver-app/care-giver-golang-common/pkg/dynamo/mock.go:42.153,44.2 1 1
github.com/care-giver-app/care-giver-golang-common/pkg/event/event.go:38.50,39.24 1 1
github.com/care-giver-app/care-giver-golang-common/pkg/event/event.go:39.24,41.3 1 1
github.com/care-giver-app/care-giver-golang-common/pkg/event/event.go:44.45,45.24 1 1
github.com/care-giver-app/care-giver-golang-common/pkg/event/event.go:45.24,47.3 1 1
github.com/care-giver-app/care-giver-golang-common/pkg/event/event.go:50.40,51.24 1 1
github.com/care-giver-app/care-giver-golang-common/pkg/event/event.go:51.24,53.3 1 1
github.com/care-giver-app/care-giver-golang-common/pkg/event/event.go:56.90,65.37 2 1
github.com/care-giver-app/care-giver-golang-common/pkg/event/event.go:65.37,67.3 1 1
github.com/care-giver-app/care-giver-golang-common/pkg/event/event.go:69.2,77.27 2 1
github.com/care-giver-app/care-giver-golang-common/pkg/event/event.go:77.27,79.3 1 1
github.com/care-giver-app/care-giver-golang-common/pkg/event/event.go:81.2,81.15 1 1
github.com/care-giver-app/care-giver-golang-common/pkg/log/log.go:36.51,39.15 3 1
github.com/care-giver-app/care-giver-golang-common/pkg/log/log.go:39.15,41.3 1 1
github.com/care-giver-app/care-giver-golang-common/pkg/log/log.go:42.2,42.20 1 1
github.com/care-giver-app/care-giver-golang-common/pkg/log/log.go:45.70,48.15 3 1
github.com/care-giver-app/care-giver-golang-common/pkg/log/log.go:48.15,50.3 1 1
github.com/care-giver-app/care-giver-golang-common/pkg/log/log.go:51.2,51.20 1 1
github.com/care-giver-app/care-giver-golang-common/pkg/log/log.go:54.42,76.2 5 1
github.com/care-giver-app/care-giver-golang-common/pkg/receiver/receiver.go:20.63,26.2 1 1
github.com/care-giver-app/care-giver-golang-common/pkg/repository/event.go:28.133,35.2 1 1
github.com/care-giver-app/care-giver-golang-common/pkg/repository/event.go:37.59,42.16 4 1
github.com/care-giver-app/care-giver-golang-common/pkg/repository/event.go:42.16,44.3 1 0
github.com/care-giver-app/care-giver-golang-common/pkg/repository/event.go:46.2,51.16 3 1
github.com/care-giver-app/care-giver-golang-common/pkg/repository/event.go:51.16,53.3 1 1
github.com/care-giver-app/care-giver-golang-common/pkg/repository/event.go:54.2,56.12 2 1
github.com/care-giver-app/care-giver-golang-common/pkg/repository/event.go:59.73,74.16 6 1
github.com/care-giver-app/care-giver-golang-common/pkg/repository/event.go:74.16,76.3 1 1
github.com/care-giver-app/care-giver-golang-common/pkg/repository/event.go:78.2,80.16 3 1
github.com/care-giver-app/care-giver-golang-common/pkg/repository/event.go:80.16,83.3 2 1
github.com/care-giver-app/care-giver-golang-common/pkg/repository/event.go:85.2,85.24 1 1
github.com/care-giver-app/care-giver-golang-common/pkg/repository/event.go:88.63,99.16 3 1
github.com/care-giver-app/care-giver-golang-common/pkg/repository/event.go:99.16,101.3 1 1
github.com/care-giver-app/care-giver-golang-common/pkg/repository/event.go:103.2,104.12 2 1
github.com/care-giver-app/care-giver-golang-common/pkg/repository/receiver.go:31.139,38.2 1 1
github.com/care-giver-app/care-giver-golang-common/pkg/repository/receiver.go:40.73,45.16 4 1
github.com/care-giver-app/care-giver-golang-common/pkg/repository/receiver.go:45.16,47.3 1 0
github.com/care-giver-app/care-giver-golang-common/pkg/repository/receiver.go:49.2,54.16 3 1
github.com/care-giver-app/care-giver-golang-common/pkg/repository/receiver.go:54.16,56.3 1 1
github.com/care-giver-app/care-giver-golang-common/pkg/repository/receiver.go:57.2,59.12 2 1
github.com/care-giver-app/care-giver-golang-common/pkg/repository/receiver.go:62.82,70.16 3 1
github.com/care-giver-app/care-giver-golang-common/pkg/repository/receiver.go:70.16,72.3 1 1
github.com/care-giver-app/care-giver-golang-common/pkg/repository/receiver.go:74.2,76.16 3 1
github.com/care-giver-app/care-giver-golang-common/pkg/repository/receiver.go:76.16,78.3 1 1
github.com/care-giver-app/care-giver-golang-common/pkg/repository/receiver.go:80.2,80.15 1 1
github.com/care-giver-app/care-giver-golang-common/pkg/repository/relationship.go:30.146,37.2 1 1
github.com/care-giver-app/care-giver-golang-common/pkg/repository/relationship.go:39.87,44.16 4 1
github.com/care-giver-app/care-giver-golang-common/pkg/repository/relationship.go:44.16,46.3 1 0
github.com/care-giver-app/care-giver-golang-common/pkg/repository/relationship.go:48.2,53.16 3 1
github.com/care-giver-app/care-giver-golang-common/pkg/repository/relationship.go:53.16,55.3 1 1
github.com/care-giver-app/care-giver-golang-common/pkg/repository/relationship.go:56.2,58.12 2 1
github.com/care-giver-app/care-giver-golang-common/pkg/repository/relationship.go:61.121,71.16 3 1
github.com/care-giver-app/care-giver-golang-common/pkg/repository/relationship.go:71.16,73.3 1 1
github.com/care-giver-app/care-giver-golang-common/pkg/repository/relationship.go:75.2,77.16 3 1
github.com/care-giver-app/care-giver-golang-common/pkg/repository/relationship.go:77.16,79.3 1 1
github.com/care-giver-app/care-giver-golang-common/pkg/repository/relationship.go:81.2,81.16 1 1
github.com/care-giver-app/care-giver-golang-common/pkg/repository/relationship.go:84.110,99.16 6 1
github.com/care-giver-app/care-giver-golang-common/pkg/repository/relationship.go:99.16,101.3 1 1
github.com/care-giver-app/care-giver-golang-common/pkg/repository/relationship.go:103.2,105.16 3 1
github.com/care-giver-app/care-giver-golang-common/pkg/repository/relationship.go:105.16,108.3 2 1
github.com/care-giver-app/care-giver-golang-common/pkg/repository/relationship.go:110.2,110.31 1 1
github.com/care-giver-app/care-giver-golang-common/pkg/repository/relationship.go:113.94,124.16 3 1
github.com/care-giver-app/care-giver-golang-common/pkg/repository/relationship.go:124.16,126.3 1 1
github.com/care-giver-app/care-giver-golang-common/pkg/repository/relationship.go:128.2,129.12 2 1
github.com/care-giver-app/care-giver-golang-common/pkg/repository/relationship.go:132.110,147.31 5 1
github.com/care-giver-app/care-giver-golang-common/pkg/repository/relationship.go:147.31,149.17 2 1
github.com/care-giver-app/care-giver-golang-common/pkg/repository/relationship.go:149.17,153.4 2 1
github.com/care-giver-app/care-giver-golang-common/pkg/repository/relationship.go:155.3,157.17 3 1
github.com/care-giver-app/care-giver-golang-common/pkg/repository/relationship.go:157.17,161.4 2 1
github.com/care-giver-app/care-giver-golang-common/pkg/repository/relationship.go:163.3,163.62 1 1
github.com/care-giver-app/care-giver-golang-common/pkg/repository/relationship.go:166.2,169.27 2 1
github.com/care-giver-app/care-giver-golang-common/pkg/repository/user.go:46.131,53.2 1 1
github.com/care-giver-app/care-giver-golang-common/pkg/repository/user.go:55.57,60.16 4 1
github.com/care-giver-app/care-giver-golang-common/pkg/repository/user.go:60.16,62.3 1 0
github.com/care-giver-app/care-giver-golang-common/pkg/repository/user.go:64.2,69.16 3 1
github.com/care-giver-app/care-giver-golang-common/pkg/repository/user.go:69.16,71.3 1 1
github.com/care-giver-app/care-giver-golang-common/pkg/repository/user.go:72.2,74.12 2 1
github.com/care-giver-app/care-giver-golang-common/pkg/repository/user.go:77.66,85.16 3 1
github.com/care-giver-app/care-giver-golang-common/pkg/repository/user.go:85.16,87.3 1 1
github.com/care-giver-app/care-giver-golang-common/pkg/repository/user.go:89.2,91.16 3 1
github.com/care-giver-app/care-giver-golang-common/pkg/repository/user.go:91.16,93.3 1 1
github.com/care-giver-app/care-giver-golang-common/pkg/repository/user.go:95.2,95.15 1 1
github.com/care-giver-app/care-giver-golang-common/pkg/repository/user.go:98.75,114.16 6 1
github.com/care-giver-app/care-giver-golang-common/pkg/repository/user.go:114.16,116.3 1 1
github.com/care-giver-app/care-giver-golang-common/pkg/repository/user.go:118.2,118.28 1 1
github.com/care-giver-app/care-giver-golang-common/pkg/repository/user.go:118.28,121.17 3 1
github.com/care-giver-app/care-giver-golang-common/pkg/repository/user.go:121.17,123.4 1 1
github.com/care-giver-app/care-giver-golang-common/pkg/repository/user.go:124.3,124.16 1 1
github.com/care-giver-app/care-giver-golang-common/pkg/repository/user.go:127.2,127.71 1 0
github.com/care-giver-app/care-giver-golang-common/pkg/relationship/relationship.go:10.96,17.2 1 1
github.com/care-giver-app/care-giver-golang-common/pkg/relationship/relationship.go:19.78,20.34 1 1
github.com/care-giver-app/care-giver-golang-common/pkg/relationship/relationship.go:20.34,21.45 1 1
github.com/care-giver-app/care-giver-golang-common/pkg/relationship/relationship.go:21.45,23.4 1 1
github.com/care-giver-app/care-giver-golang-common/pkg/relationship/relationship.go:26.2,26.14 1 1
github.com/care-giver-app/care-giver-golang-common/pkg/relationship/relationship.go:29.85,30.34 1 1
github.com/care-giver-app/care-giver-golang-common/pkg/relationship/relationship.go:30.34,31.67 1 1
github.com/care-giver-app/care-giver-golang-common/pkg/relationship/relationship.go:31.67,33.4 1 1
github.com/care-giver-app/care-giver-golang-common/pkg/relationship/relationship.go:36.2,36.14 1 1
github.com/care-giver-app/care-giver-golang-common/pkg/user/user.go:23.78,30.2 1 1
github.com/care-giver-app/care-giver-golang-common/pkg/awsconfig/awsconfig.go:16.72,17.21 1 1
github.com/care-giver-app/care-giver-golang-common/pkg/awsconfig/awsconfig.go:17.21,19.3 1 1
github.com/care-giver-app/care-giver-golang-common/pkg/awsconfig/awsconfig.go:20.2,20.26 1 1
github.com/care-giver-app/care-giver-golang-common/pkg/awsconfig/awsconfig.go:23.60,29.2 2 1
github.com/care-giver-app/care-giver-golang-common/pkg/awsconfig/awsconfig.go:31.65,43.2 2 1
